[debug] [2023-07-03T01:51:48.966Z] ----------------------------------------------------------------------
[debug] [2023-07-03T01:51:48.967Z] Command:       C:\Program Files\nodejs\node.exe C:\Program Files\nodejs\node_modules\firebase-tools\lib\bin\firebase.js deploy
[debug] [2023-07-03T01:51:48.968Z] CLI Version:   12.4.0
[debug] [2023-07-03T01:51:48.968Z] Platform:      win32
[debug] [2023-07-03T01:51:48.968Z] Node Version:  v16.16.0
[debug] [2023-07-03T01:51:48.969Z] Time:          Mon Jul 03 2023 03:51:48 GMT+0200 (hora de verano de Europa central)
[debug] [2023-07-03T01:51:48.969Z] ----------------------------------------------------------------------
[debug] 
[debug] [2023-07-03T01:51:49.024Z] > command requires scopes: ["email","openid","https://www.googleapis.com/auth/cloudplatformprojects.readonly","https://www.googleapis.com/auth/firebase","https://www.googleapis.com/auth/cloud-platform"]
[debug] [2023-07-03T01:51:49.024Z] > authorizing via signed-in user (manuelmorenoasiain@gmail.com)
[debug] [2023-07-03T01:51:49.024Z] [iam] checking project recipes-web-app-fbc1f for permissions ["datastore.indexes.create","datastore.indexes.delete","datastore.indexes.list","datastore.indexes.update","firebase.projects.get","firebasehosting.sites.update"]
[debug] [2023-07-03T01:51:49.026Z] >>> [apiv2][query] POST https://cloudresourcemanager.googleapis.com/v1/projects/recipes-web-app-fbc1f:testIamPermissions [none]
[debug] [2023-07-03T01:51:49.026Z] >>> [apiv2][(partial)header] POST https://cloudresourcemanager.googleapis.com/v1/projects/recipes-web-app-fbc1f:testIamPermissions x-goog-quota-user=projects/recipes-web-app-fbc1f
[debug] [2023-07-03T01:51:49.026Z] >>> [apiv2][body] POST https://cloudresourcemanager.googleapis.com/v1/projects/recipes-web-app-fbc1f:testIamPermissions {"permissions":["datastore.indexes.create","datastore.indexes.delete","datastore.indexes.list","datastore.indexes.update","firebase.projects.get","firebasehosting.sites.update"]}
[debug] [2023-07-03T01:51:49.640Z] <<< [apiv2][status] POST https://cloudresourcemanager.googleapis.com/v1/projects/recipes-web-app-fbc1f:testIamPermissions 200
[debug] [2023-07-03T01:51:49.640Z] <<< [apiv2][body] POST https://cloudresourcemanager.googleapis.com/v1/projects/recipes-web-app-fbc1f:testIamPermissions {"permissions":["datastore.indexes.create","datastore.indexes.delete","datastore.indexes.list","datastore.indexes.update","firebase.projects.get","firebasehosting.sites.update"]}
[debug] [2023-07-03T01:51:49.641Z] >>> [apiv2][query] GET https://firebase.googleapis.com/v1beta1/projects/recipes-web-app-fbc1f [none]
[debug] [2023-07-03T01:51:49.874Z] <<< [apiv2][status] GET https://firebase.googleapis.com/v1beta1/projects/recipes-web-app-fbc1f 200
[debug] [2023-07-03T01:51:49.875Z] <<< [apiv2][body] GET https://firebase.googleapis.com/v1beta1/projects/recipes-web-app-fbc1f {"projectId":"recipes-web-app-fbc1f","projectNumber":"769820562426","displayName":"recipes-web-app","name":"projects/recipes-web-app-fbc1f","resources":{"hostingSite":"recipes-web-app-fbc1f","realtimeDatabaseInstance":"recipes-web-app-fbc1f-default-rtdb"},"state":"ACTIVE","etag":"1_952c3370-81c4-49b5-aeec-8b896e0b13ed"}
[debug] [2023-07-03T01:51:52.797Z] defaultcredentials: writing to file C:\Users\manu1\AppData\Roaming\firebase\manuelmorenoasiain_gmail_com_application_default_credentials.json
[debug] [2023-07-03T01:51:52.800Z] >>> [apiv2][query] GET https://firebasehosting.googleapis.com/v1beta1/projects/recipes-web-app-fbc1f/sites pageToken=&pageSize=10
[debug] [2023-07-03T01:51:53.580Z] <<< [apiv2][status] GET https://firebasehosting.googleapis.com/v1beta1/projects/recipes-web-app-fbc1f/sites 200
[debug] [2023-07-03T01:51:53.580Z] <<< [apiv2][body] GET https://firebasehosting.googleapis.com/v1beta1/projects/recipes-web-app-fbc1f/sites {"sites":[{"name":"projects/recipes-web-app-fbc1f/sites/recipes-web-app-fbc1f","defaultUrl":"https://recipes-web-app-fbc1f.web.app","appId":"1:769820562426:web:09ae91df2287f3574e0a43","type":"DEFAULT_SITE"}]}
[debug] [2023-07-03T01:51:53.581Z] >>> [apiv2][query] GET https://firebase.googleapis.com/v1beta1/projects/-/webApps/1:769820562426:web:09ae91df2287f3574e0a43/config [none]
[debug] [2023-07-03T01:51:54.496Z] <<< [apiv2][status] GET https://firebase.googleapis.com/v1beta1/projects/-/webApps/1:769820562426:web:09ae91df2287f3574e0a43/config 200
[debug] [2023-07-03T01:51:54.496Z] <<< [apiv2][body] GET https://firebase.googleapis.com/v1beta1/projects/-/webApps/1:769820562426:web:09ae91df2287f3574e0a43/config {"projectId":"recipes-web-app-fbc1f","appId":"1:769820562426:web:09ae91df2287f3574e0a43","databaseURL":"https://recipes-web-app-fbc1f-default-rtdb.europe-west1.firebasedatabase.app","storageBucket":"recipes-web-app-fbc1f.appspot.com","apiKey":"AIzaSyCCUzcKIAxEgIMy5sTm3iZc4X56lystTMk","authDomain":"recipes-web-app-fbc1f.firebaseapp.com","messagingSenderId":"769820562426","measurementId":"G-NMMRWSD88B"}
[info] 
   Thank you for trying our early preview of Next.js support on Firebase Hosting.
   During the preview, support is best-effort and breaking changes can be expected. Proceed with caution.

   Documentation: https://firebase.google.com/docs/hosting/frameworks/nextjs
   File a bug: https://github.com/firebase/firebase-tools/issues/new?template=bug_report.md
   Submit a feature request: https://github.com/firebase/firebase-tools/issues/new?template=feature_request.md

   We'd love to learn from you. Express your interest in helping us shape the future of Firebase Hosting: https://goo.gle/41enW5X

[debug] [2023-07-03T01:52:22.859Z] Error: Export encountered errors on following paths:
	/recipe/upload
    at C:\Users\manu1\Desktop\Next.js projects\nextjs-recipes\node_modules\next\dist\export\index.js:624:19
    at processTicksAndRejections (node:internal/process/task_queues:96:5)
    at async Span.traceAsyncFn (C:\Users\manu1\Desktop\Next.js projects\nextjs-recipes\node_modules\next\dist\trace\trace.js:103:20)
    at async C:\Users\manu1\Desktop\Next.js projects\nextjs-recipes\node_modules\next\dist\build\index.js:1491:21
    at async Span.traceAsyncFn (C:\Users\manu1\Desktop\Next.js projects\nextjs-recipes\node_modules\next\dist\trace\trace.js:103:20)
    at async C:\Users\manu1\Desktop\Next.js projects\nextjs-recipes\node_modules\next\dist\build\index.js:1347:17
    at async Span.traceAsyncFn (C:\Users\manu1\Desktop\Next.js projects\nextjs-recipes\node_modules\next\dist\trace\trace.js:103:20)
    at async build (C:\Users\manu1\Desktop\Next.js projects\nextjs-recipes\node_modules\next\dist\build\index.js:145:29)
    at async build (C:\Users\manu1\AppData\Roaming\nvm\v16.16.0\node_modules\firebase-tools\lib\frameworks\next\index.js:57:5)
    at async prepareFrameworks (C:\Users\manu1\AppData\Roaming\nvm\v16.16.0\node_modules\firebase-tools\lib\frameworks\index.js:211:33)
[error] 
[error] Error: An unexpected error has occurred.
